# JRE version: OpenJDK Runtime Environment Corretto-17.0.15.6.1 (17.0.15+6) (build 17.0.15+6-LTS)
# Java VM: OpenJDK 64-Bit Server VM Corretto-17.0.15.6.1 (17.0.15+6-LTS, mixed mode, emulated-client, sharing, tiered, compressed oops, compressed class ptrs, g1 gc, windows-amd64)
GC Precious Log:
 CPUs: 8 total, 8 available
 Memory: 20259M
 Large Page Support: Disabled
 NUMA Support: Disabled
 Compressed Oops: Enabled (Zero based)
 Heap Region Size: 4M
 Heap Min Capacity: 8M
 Heap Initial Capacity: 320M
 Heap Max Capacity: 5068M
 Pre-touch: Disabled
 Parallel Workers: 8
 Concurrent Workers: 2
 Concurrent Refinement Workers: 8
 Periodic GC: Disabled
Heap:
 garbage-first heap   total 110592K, used 40976K [0x00000006c3400000, 0x0000000800000000)
  region size 4096K, 2 young (8192K), 2 survivors (8192K)
 Metaspace       used 82132K, committed 82752K, reserved 1179648K
  class space    used 11909K, committed 12224K, reserved 1048576K
GC Heap History (20 events):
Event: 3.231 GC heap after
{Heap after GC invocations=7 (full 0):
 garbage-first heap   total 81920K, used 18638K [0x00000006c3400000, 0x0000000800000000)
  region size 4096K, 1 young (4096K), 1 survivors (4096K)
 Metaspace       used 26644K, committed 27072K, reserved 1114112K
  class space    used 3624K, committed 3840K, reserved 1048576K
}
Event: 3.873 GC heap before
{Heap before GC invocations=7 (full 0):
 garbage-first heap   total 81920K, used 51406K [0x00000006c3400000, 0x0000000800000000)
  region size 4096K, 9 young (36864K), 1 survivors (4096K)
 Metaspace       used 30498K, committed 30976K, reserved 1114112K
  class space    used 4204K, committed 4416K, reserved 1048576K
}
Event: 3.879 GC heap after
{Heap after GC invocations=8 (full 0):
 garbage-first heap   total 118784K, used 20134K [0x00000006c3400000, 0x0000000800000000)
  region size 4096K, 1 young (4096K), 1 survivors (4096K)
 Metaspace       used 30498K, committed 30976K, reserved 1114112K
  class space    used 4204K, committed 4416K, reserved 1048576K
}
Event: 4.557 GC heap before
{Heap before GC invocations=8 (full 0):
 garbage-first heap   total 118784K, used 52902K [0x00000006c3400000, 0x0000000800000000)
  region size 4096K, 10 young (40960K), 1 survivors (4096K)
 Metaspace       used 35503K, committed 35968K, reserved 1114112K
  class space    used 4888K, committed 5120K, reserved 1048576K
}
Event: 4.572 GC heap after
{Heap after GC invocations=9 (full 0):
 garbage-first heap   total 118784K, used 21929K [0x00000006c3400000, 0x0000000800000000)
  region size 4096K, 2 young (8192K), 2 survivors (8192K)
 Metaspace       used 35503K, committed 35968K, reserved 1114112K
  class space    used 4888K, committed 5120K, reserved 1048576K
}
Event: 5.712 GC heap before
{Heap before GC invocations=10 (full 0):
 garbage-first heap   total 110592K, used 75177K [0x00000006c3400000, 0x0000000800000000)
  region size 4096K, 16 young (65536K), 2 survivors (8192K)
 Metaspace       used 46625K, committed 47104K, reserved 1114112K
  class space    used 6524K, committed 6784K, reserved 1048576K
}
Event: 5.729 GC heap after
{Heap after GC invocations=11 (full 0):
 garbage-first heap   total 110592K, used 24975K [0x00000006c3400000, 0x0000000800000000)
  region size 4096K, 2 young (8192K), 2 survivors (8192K)
 Metaspace       used 46625K, committed 47104K, reserved 1114112K
  class space    used 6524K, committed 6784K, reserved 1048576K
}
Event: 5.836 GC heap before
{Heap before GC invocations=11 (full 0):
 garbage-first heap   total 110592K, used 29071K [0x00000006c3400000, 0x0000000800000000)
  region size 4096K, 3 young (12288K), 2 survivors (8192K)
 Metaspace       used 47457K, committed 47936K, reserved 1114112K
  class space    used 6625K, committed 6848K, reserved 1048576K
}
Event: 5.846 GC heap after
{Heap after GC invocations=12 (full 0):
 garbage-first heap   total 110592K, used 25229K [0x00000006c3400000, 0x0000000800000000)
  region size 4096K, 1 young (4096K), 1 survivors (4096K)
 Metaspace       used 47457K, committed 47936K, reserved 1114112K
  class space    used 6625K, committed 6848K, reserved 1048576K
}
Event: 6.827 GC heap before
{Heap before GC invocations=12 (full 0):
 garbage-first heap   total 110592K, used 82573K [0x00000006c3400000, 0x0000000800000000)
  region size 4096K, 15 young (61440K), 1 survivors (4096K)
 Metaspace       used 56618K, committed 57152K, reserved 1114112K
  class space    used 8076K, committed 8320K, reserved 1048576K
}
Event: 6.838 GC heap after
{Heap after GC invocations=13 (full 0):
 garbage-first heap   total 110592K, used 26427K [0x00000006c3400000, 0x0000000800000000)
  region size 4096K, 1 young (4096K), 1 survivors (4096K)
 Metaspace       used 56618K, committed 57152K, reserved 1114112K
  class space    used 8076K, committed 8320K, reserved 1048576K
}
Event: 8.224 GC heap before
{Heap before GC invocations=13 (full 0):
 garbage-first heap   total 110592K, used 46907K [0x00000006c3400000, 0x0000000800000000)
  region size 4096K, 7 young (28672K), 1 survivors (4096K)
 Metaspace       used 59869K, committed 60416K, reserved 1114112K
  class space    used 8549K, committed 8832K, reserved 1048576K
}
Event: 8.230 GC heap after
{Heap after GC invocations=14 (full 0):
 garbage-first heap   total 110592K, used 27607K [0x00000006c3400000, 0x0000000800000000)
  region size 4096K, 1 young (4096K), 1 survivors (4096K)
 Metaspace       used 59869K, committed 60416K, reserved 1114112K
  class space    used 8549K, committed 8832K, reserved 1048576K
}
Event: 9.013 GC heap before
{Heap before GC invocations=15 (full 0):
 garbage-first heap   total 110592K, used 84951K [0x00000006c3400000, 0x0000000800000000)
  region size 4096K, 15 young (61440K), 1 survivors (4096K)
 Metaspace       used 68567K, committed 69184K, reserved 1114112K
  class space    used 9860K, committed 10176K, reserved 1048576K
}
Event: 9.019 GC heap after
{Heap after GC invocations=16 (full 0):
 garbage-first heap   total 110592K, used 31769K [0x00000006c3400000, 0x0000000800000000)
  region size 4096K, 2 young (8192K), 2 survivors (8192K)
 Metaspace       used 68567K, committed 69184K, reserved 1114112K
  class space    used 9860K, committed 10176K, reserved 1048576K
}
Event: 10.677 GC heap before
{Heap before GC invocations=16 (full 0):
 garbage-first heap   total 110592K, used 85017K [0x00000006c3400000, 0x0000000800000000)
  region size 4096K, 15 young (61440K), 2 survivors (8192K)
 Metaspace       used 75854K, committed 76544K, reserved 1179648K
  class space    used 11074K, committed 11392K, reserved 1048576K
}
Event: 10.686 GC heap after
{Heap after GC invocations=17 (full 0):
 garbage-first heap   total 110592K, used 37482K [0x00000006c3400000, 0x0000000800000000)
  region size 4096K, 2 young (8192K), 2 survivors (8192K)
 Metaspace       used 75854K, committed 76544K, reserved 1179648K
  class space    used 11074K, committed 11392K, reserved 1048576K
}
Event: 10.922 GC heap before
{Heap before GC invocations=17 (full 0):
 garbage-first heap   total 110592K, used 82538K [0x00000006c3400000, 0x0000000800000000)
  region size 4096K, 13 young (53248K), 2 survivors (8192K)
 Metaspace       used 77529K, committed 78208K, reserved 1179648K
  class space    used 11276K, committed 11584K, reserved 1048576K
}
Event: 10.926 GC heap after
{Heap after GC invocations=18 (full 0):
 garbage-first heap   total 110592K, used 38026K [0x00000006c3400000, 0x0000000800000000)
  region size 4096K, 1 young (4096K), 1 survivors (4096K)
 Metaspace       used 77529K, committed 78208K, reserved 1179648K
  class space    used 11276K, committed 11584K, reserved 1048576K
}
Event: 42.356 GC heap before
{Heap before GC invocations=18 (full 0):
 garbage-first heap   total 110592K, used 83082K [0x00000006c3400000, 0x0000000800000000)
  region size 4096K, 12 young (49152K), 1 survivors (4096K)
 Metaspace       used 82132K, committed 82752K, reserved 1179648K
  class space    used 11909K, committed 12224K, reserved 1048576K
}

