# JRE version: OpenJDK Runtime Environment Corretto-17.0.15.6.1 (17.0.15+6) (build 17.0.15+6-LTS)
# Java VM: OpenJDK 64-Bit Server VM Corretto-17.0.15.6.1 (17.0.15+6-LTS, mixed mode, emulated-client, sharing, tiered, compressed oops, compressed class ptrs, g1 gc, windows-amd64)
GC Precious Log:
 CPUs: 8 total, 8 available
 Memory: 20259M
 Large Page Support: Disabled
 NUMA Support: Disabled
 Compressed Oops: Enabled (Zero based)
 Heap Region Size: 4M
 Heap Min Capacity: 8M
 Heap Initial Capacity: 320M
 Heap Max Capacity: 5068M
 Pre-touch: Disabled
 Parallel Workers: 8
 Concurrent Workers: 2
 Concurrent Refinement Workers: 8
 Periodic GC: Disabled
Heap:
 garbage-first heap   total 110592K, used 75161K [0x00000006c3400000, 0x0000000800000000)
  region size 4096K, 16 young (65536K), 2 survivors (8192K)
 Metaspace       used 47453K, committed 47936K, reserved 1114112K
  class space    used 6700K, committed 6976K, reserved 1048576K
GC Heap History (16 events):
Event: 0.753 GC heap before
{Heap before GC invocations=0 (full 0):
 garbage-first heap   total 327680K, used 16384K [0x00000006c3400000, 0x0000000800000000)
  region size 4096K, 5 young (20480K), 0 survivors (0K)
 Metaspace       used 6062K, committed 6272K, reserved 1114112K
  class space    used 744K, committed 832K, reserved 1048576K
}
Event: 0.758 GC heap after
{Heap after GC invocations=1 (full 0):
 garbage-first heap   total 327680K, used 9142K [0x00000006c3400000, 0x0000000800000000)
  region size 4096K, 1 young (4096K), 1 survivors (4096K)
 Metaspace       used 6062K, committed 6272K, reserved 1114112K
  class space    used 744K, committed 832K, reserved 1048576K
}
Event: 1.032 GC heap before
{Heap before GC invocations=1 (full 0):
 garbage-first heap   total 327680K, used 21430K [0x00000006c3400000, 0x0000000800000000)
  region size 4096K, 4 young (16384K), 1 survivors (4096K)
 Metaspace       used 8891K, committed 9088K, reserved 1114112K
  class space    used 1162K, committed 1216K, reserved 1048576K
}
Event: 1.035 GC heap after
{Heap after GC invocations=2 (full 0):
 garbage-first heap   total 327680K, used 9560K [0x00000006c3400000, 0x0000000800000000)
  region size 4096K, 1 young (4096K), 1 survivors (4096K)
 Metaspace       used 8891K, committed 9088K, reserved 1114112K
  class space    used 1162K, committed 1216K, reserved 1048576K
}
Event: 1.637 GC heap before
{Heap before GC invocations=2 (full 0):
 garbage-first heap   total 327680K, used 54616K [0x00000006c3400000, 0x0000000800000000)
  region size 4096K, 12 young (49152K), 1 survivors (4096K)
 Metaspace       used 18033K, committed 18304K, reserved 1114112K
  class space    used 2435K, committed 2560K, reserved 1048576K
}
Event: 1.642 GC heap after
{Heap after GC invocations=3 (full 0):
 garbage-first heap   total 327680K, used 12700K [0x00000006c3400000, 0x0000000800000000)
  region size 4096K, 1 young (4096K), 1 survivors (4096K)
 Metaspace       used 18033K, committed 18304K, reserved 1114112K
  class space    used 2435K, committed 2560K, reserved 1048576K
}
Event: 1.955 GC heap before
{Heap before GC invocations=3 (full 0):
 garbage-first heap   total 327680K, used 45468K [0x00000006c3400000, 0x0000000800000000)
  region size 4096K, 10 young (40960K), 1 survivors (4096K)
 Metaspace       used 21165K, committed 21504K, reserved 1114112K
  class space    used 2816K, committed 3008K, reserved 1048576K
}
Event: 1.961 GC heap after
{Heap after GC invocations=4 (full 0):
 garbage-first heap   total 327680K, used 15611K [0x00000006c3400000, 0x0000000800000000)
  region size 4096K, 2 young (8192K), 2 survivors (8192K)
 Metaspace       used 21165K, committed 21504K, reserved 1114112K
  class space    used 2816K, committed 3008K, reserved 1048576K
}
Event: 2.483 GC heap before
{Heap before GC invocations=5 (full 0):
 garbage-first heap   total 81920K, used 56571K [0x00000006c3400000, 0x0000000800000000)
  region size 4096K, 13 young (53248K), 2 survivors (8192K)
 Metaspace       used 26225K, committed 26560K, reserved 1114112K
  class space    used 3615K, committed 3776K, reserved 1048576K
}
Event: 2.494 GC heap after
{Heap after GC invocations=6 (full 0):
 garbage-first heap   total 81920K, used 17981K [0x00000006c3400000, 0x0000000800000000)
  region size 4096K, 3 young (12288K), 3 survivors (12288K)
 Metaspace       used 26225K, committed 26560K, reserved 1114112K
  class space    used 3615K, committed 3776K, reserved 1048576K
}
Event: 2.557 GC heap before
{Heap before GC invocations=6 (full 0):
 garbage-first heap   total 81920K, used 22077K [0x00000006c3400000, 0x0000000800000000)
  region size 4096K, 4 young (16384K), 3 survivors (12288K)
 Metaspace       used 26405K, committed 26752K, reserved 1114112K
  class space    used 3655K, committed 3840K, reserved 1048576K
}
Event: 2.567 GC heap after
{Heap after GC invocations=7 (full 0):
 garbage-first heap   total 81920K, used 18828K [0x00000006c3400000, 0x0000000800000000)
  region size 4096K, 1 young (4096K), 1 survivors (4096K)
 Metaspace       used 26405K, committed 26752K, reserved 1114112K
  class space    used 3655K, committed 3840K, reserved 1048576K
}
Event: 3.021 GC heap before
{Heap before GC invocations=7 (full 0):
 garbage-first heap   total 81920K, used 51596K [0x00000006c3400000, 0x0000000800000000)
  region size 4096K, 9 young (36864K), 1 survivors (4096K)
 Metaspace       used 31279K, committed 31744K, reserved 1114112K
  class space    used 4384K, committed 4608K, reserved 1048576K
}
Event: 3.026 GC heap after
{Heap after GC invocations=8 (full 0):
 garbage-first heap   total 122880K, used 20690K [0x00000006c3400000, 0x0000000800000000)
  region size 4096K, 1 young (4096K), 1 survivors (4096K)
 Metaspace       used 31279K, committed 31744K, reserved 1114112K
  class space    used 4384K, committed 4608K, reserved 1048576K
}
Event: 3.410 GC heap before
{Heap before GC invocations=8 (full 0):
 garbage-first heap   total 122880K, used 45266K [0x00000006c3400000, 0x0000000800000000)
  region size 4096K, 8 young (32768K), 1 survivors (4096K)
 Metaspace       used 35859K, committed 36288K, reserved 1114112K
  class space    used 5003K, committed 5184K, reserved 1048576K
}
Event: 3.422 GC heap after
{Heap after GC invocations=9 (full 0):
 garbage-first heap   total 122880K, used 21913K [0x00000006c3400000, 0x0000000800000000)
  region size 4096K, 2 young (8192K), 2 survivors (8192K)
 Metaspace       used 35859K, committed 36288K, reserved 1114112K
  class space    used 5003K, committed 5184K, reserved 1048576K
}

